{"C:\\Users\\user\\lab1\\js\\script.js": {"path":"C:\\Users\\user\\lab1\\js\\script.js","statementMap":{"0":{"start":{"line":3,"column":8},"end":{"line":3,"column":24}},"1":{"start":{"line":4,"column":8},"end":{"line":4,"column":26}},"2":{"start":{"line":8,"column":8},"end":{"line":8,"column":33}},"3":{"start":{"line":9,"column":8},"end":{"line":9,"column":46}},"4":{"start":{"line":10,"column":8},"end":{"line":12,"column":9}},"5":{"start":{"line":11,"column":12},"end":{"line":11,"column":33}},"6":{"start":{"line":16,"column":8},"end":{"line":16,"column":59}},"7":{"start":{"line":16,"column":28},"end":{"line":16,"column":59}},"8":{"start":{"line":17,"column":21},"end":{"line":17,"column":37}},"9":{"start":{"line":18,"column":8},"end":{"line":18,"column":42}},"10":{"start":{"line":19,"column":8},"end":{"line":21,"column":9}},"11":{"start":{"line":20,"column":12},"end":{"line":20,"column":33}},"12":{"start":{"line":22,"column":8},"end":{"line":22,"column":20}},"13":{"start":{"line":26,"column":8},"end":{"line":26,"column":39}},"14":{"start":{"line":31,"column":8},"end":{"line":31,"column":75}},"15":{"start":{"line":31,"column":28},"end":{"line":31,"column":75}},"16":{"start":{"line":32,"column":8},"end":{"line":32,"column":49}},"17":{"start":{"line":36,"column":8},"end":{"line":36,"column":24}},"18":{"start":{"line":41,"column":8},"end":{"line":41,"column":33}},"19":{"start":{"line":45,"column":16},"end":{"line":45,"column":27}},"20":{"start":{"line":46,"column":0},"end":{"line":46,"column":16}},"21":{"start":{"line":47,"column":0},"end":{"line":47,"column":37}}},"fnMap":{"0":{"name":"(anonymous_0)","decl":{"start":{"line":2,"column":4},"end":{"line":2,"column":15}},"loc":{"start":{"line":2,"column":18},"end":{"line":5,"column":5}},"line":2},"1":{"name":"(anonymous_1)","decl":{"start":{"line":7,"column":4},"end":{"line":7,"column":8}},"loc":{"start":{"line":7,"column":18},"end":{"line":13,"column":5}},"line":7},"2":{"name":"(anonymous_2)","decl":{"start":{"line":15,"column":4},"end":{"line":15,"column":7}},"loc":{"start":{"line":15,"column":10},"end":{"line":23,"column":5}},"line":15},"3":{"name":"(anonymous_3)","decl":{"start":{"line":25,"column":4},"end":{"line":25,"column":11}},"loc":{"start":{"line":25,"column":14},"end":{"line":27,"column":5}},"line":25},"4":{"name":"(anonymous_4)","decl":{"start":{"line":30,"column":4},"end":{"line":30,"column":8}},"loc":{"start":{"line":30,"column":11},"end":{"line":33,"column":5}},"line":30},"5":{"name":"(anonymous_5)","decl":{"start":{"line":35,"column":4},"end":{"line":35,"column":9}},"loc":{"start":{"line":35,"column":12},"end":{"line":37,"column":5}},"line":35},"6":{"name":"(anonymous_6)","decl":{"start":{"line":40,"column":4},"end":{"line":40,"column":14}},"loc":{"start":{"line":40,"column":17},"end":{"line":42,"column":5}},"line":40}},"branchMap":{"0":{"loc":{"start":{"line":10,"column":8},"end":{"line":12,"column":9}},"type":"if","locations":[{"start":{"line":10,"column":8},"end":{"line":12,"column":9}},{"start":{},"end":{}}],"line":10},"1":{"loc":{"start":{"line":16,"column":8},"end":{"line":16,"column":59}},"type":"if","locations":[{"start":{"line":16,"column":8},"end":{"line":16,"column":59}},{"start":{},"end":{}}],"line":16},"2":{"loc":{"start":{"line":19,"column":8},"end":{"line":21,"column":9}},"type":"if","locations":[{"start":{"line":19,"column":8},"end":{"line":21,"column":9}},{"start":{},"end":{}}],"line":19},"3":{"loc":{"start":{"line":31,"column":8},"end":{"line":31,"column":75}},"type":"if","locations":[{"start":{"line":31,"column":8},"end":{"line":31,"column":75}},{"start":{},"end":{}}],"line":31}},"s":{"0":8,"1":8,"2":9,"3":9,"4":9,"5":0,"6":2,"7":1,"8":1,"9":1,"10":1,"11":0,"12":1,"13":6,"14":1,"15":0,"16":1,"17":1,"18":1,"19":1,"20":1,"21":1},"f":{"0":8,"1":9,"2":2,"3":6,"4":1,"5":1,"6":1},"b":{"0":[0,9],"1":[1,1],"2":[0,1],"3":[0,1]},"meta":{"lastBranch":4,"lastFunction":7,"lastStatement":22,"seen":{"f:2:4:2:15":0,"s:3:8:3:24":0,"s:4:8:4:26":1,"f:7:4:7:8":1,"s:8:8:8:33":2,"s:9:8:9:46":3,"b:10:8:12:9:undefined:undefined:undefined:undefined":0,"s:10:8:12:9":4,"s:11:12:11:33":5,"f:15:4:15:7":2,"b:16:8:16:59:undefined:undefined:undefined:undefined":1,"s:16:8:16:59":6,"s:16:28:16:59":7,"s:17:21:17:37":8,"s:18:8:18:42":9,"b:19:8:21:9:undefined:undefined:undefined:undefined":2,"s:19:8:21:9":10,"s:20:12:20:33":11,"s:22:8:22:20":12,"f:25:4:25:11":3,"s:26:8:26:39":13,"f:30:4:30:8":4,"b:31:8:31:75:undefined:undefined:undefined:undefined":3,"s:31:8:31:75":14,"s:31:28:31:75":15,"s:32:8:32:49":16,"f:35:4:35:9":5,"s:36:8:36:24":17,"f:40:4:40:14":6,"s:41:8:41:33":18,"s:45:16:45:27":19,"s:46:0:46:16":20,"s:47:0:47:37":21}}}
}
